05-01 17:54:21 - api - ERROR - ThreadUnInitializedError:This thread haven't been properly initialized.
05-01 17:59:30 - api - ERROR - ThreadUnInitializedError:This thread haven't been properly initialized.
05-01 18:12:10 - api - ERROR - RuntimeError:threads can only be started once
05-01 18:21:19 - api - ERROR - ThreadUnInitializedError:This thread haven't been properly initialized.
05-01 18:26:51 - api - ERROR - ThreadUnInitializedError:This thread haven't been properly initialized.
05-01 18:34:05 - api - ERROR - ThreadUnInitializedError:This thread haven't been properly initialized.
05-01 18:56:28 - api - ERROR - ThreadUnInitializedError:This thread haven't been properly initialized.
05-01 18:59:50 - api - ERROR - UnableSetFilterError:Unable to Set Filter pcap_compile. b'ip and icmp and tcp and rarp and udp and arp'
05-01 19:07:16 - api - ERROR - UnableSetFilterError:Unable to Set Filter pcap_compile. b'rarp and tcp and icmp and udp and arp and (ip not ip6)'
05-01 19:07:26 - api - ERROR - UnableSetFilterError:Unable to Set Filter pcap_compile. b'udp and (ip not ip6) and rarp and arp and tcp'
05-01 19:07:38 - api - ERROR - UnableSetFilterError:Unable to Set Filter pcap_compile. b'(ip not ip6)'
05-01 19:11:24 - api - ERROR - ThreadUnInitializedError:This thread haven't been properly initialized.
05-01 19:17:20 - api - ERROR - ThreadUnInitializedError:This thread haven't been properly initialized.
05-01 19:46:38 - api - ERROR - ThreadUnInitializedError:This thread haven't been properly initialized.
05-01 19:51:19 - api - ERROR - ThreadUnInitializedError:This thread haven't been properly initialized.
05-01 20:06:37 - api - ERROR - UnableSetFilterError:Unable to Set Filter pcap_compile. b'ftp and udp and tcp and ip'
05-01 20:07:15 - api - ERROR - UnableSetFilterError:Unable to Set Filter pcap_compile. b'arp and rarp and udp and tcp'
05-01 20:07:34 - api - ERROR - UnableSetFilterError:Unable to Set Filter pcap_compile. b'udp and tcp'
05-01 20:10:26 - api - ERROR - UnableSetFilterError:Unable to Set Filter pcap_compile. b'rarp and tcp and arp and ip and udp'
05-01 20:10:31 - api - ERROR - UnableSetFilterError:Unable to Set Filter pcap_compile. b'tcp and arp and ip and udp'
05-01 20:10:42 - api - ERROR - UnableSetFilterError:Unable to Set Filter pcap_compile. b'tcp and arp and ip'
05-01 20:13:10 - api - ERROR - ThreadUnInitializedError:This thread haven't been properly initialized.
05-01 20:15:48 - api - ERROR - AttributeError:'WinPCapThreadManager' object has no attribute 'stop'
05-01 20:26:32 - api - ERROR - UnableSetFilterError:Unable to Set Filter pcap_compile. b'udp and ip and tcp'
05-01 20:34:59 - api - ERROR - ThreadUnInitializedError:This thread haven't been properly initialized.
05-02 19:46:32 - api - ERROR - ThreadUnInitializedError:This thread haven't been properly initialized.
05-03 11:29:53 - api - ERROR - ThreadUnInitializedError:This thread haven't been properly initialized.
05-03 11:42:27 - api - ERROR - ThreadUnInitializedError:This thread haven't been properly initialized.
05-03 12:29:36 - api - ERROR - ThreadUnInitializedError:This thread haven't been properly initialized.
05-03 12:38:04 - api - ERROR - ThreadUnInitializedError:This thread haven't been properly initialized.
05-03 15:00:22 - api - ERROR - ThreadUnInitializedError:This thread haven't been properly initialized.
05-03 15:02:12 - api - ERROR - AttributeError:'WinPCapThreadManager' object has no attribute 'stop'
05-03 15:02:25 - api - ERROR - ThreadUnInitializedError:This thread haven't been properly initialized.
05-03 15:02:46 - api - ERROR - ThreadUnInitializedError:This thread haven't been properly initialized.
05-03 15:02:47 - api - ERROR - ThreadUnInitializedError:This thread haven't been properly initialized.
05-03 15:03:11 - api - ERROR - ThreadUnInitializedError:This thread haven't been properly initialized.
05-03 15:03:11 - api - ERROR - ThreadUnInitializedError:This thread haven't been properly initialized.
05-03 15:03:11 - api - ERROR - ThreadUnInitializedError:This thread haven't been properly initialized.
05-03 15:03:11 - api - ERROR - ThreadUnInitializedError:This thread haven't been properly initialized.
05-03 15:03:16 - api - ERROR - ThreadUnInitializedError:This thread haven't been properly initialized.
05-03 15:05:47 - api - ERROR - AttributeError:'WinPCapThreadManager' object has no attribute 'stop'
05-03 15:05:55 - api - ERROR - ThreadUnInitializedError:This thread haven't been properly initialized.
05-03 15:07:41 - api - ERROR - AttributeError:'WinPCapThreadManager' object has no attribute 'stop'
05-03 15:12:37 - api - ERROR - ThreadUnInitializedError:This thread haven't been properly initialized.
05-03 16:49:46 - api - ERROR - AttributeError:IP
05-03 16:52:42 - api - ERROR - ThreadUnInitializedError:This thread haven't been properly initialized.
05-03 16:52:51 - api - ERROR - AttributeError:IP
05-03 17:57:13 - api - ERROR - UnableSetFilterError:Unable to Set Filter pcap_compile. b'icmp and ip proto icmp6'
05-03 17:57:56 - api - ERROR - UnableSetFilterError:Unable to Set Filter pcap_compile. b'icmp or ip proto icmp6'
05-03 17:59:06 - api - ERROR - UnableSetFilterError:Unable to Set Filter pcap_compile. b'(icmp) or (ip proto icmp6)'
05-03 17:59:17 - api - ERROR - UnableSetFilterError:Unable to Set Filter pcap_compile. b'(ip proto icmp6)'
05-03 17:59:26 - api - ERROR - UnableSetFilterError:Unable to Set Filter pcap_compile. b'(ipv6)'
05-03 17:59:33 - api - ERROR - UnableSetFilterError:Unable to Set Filter pcap_compile. b'(ipv4)'
05-03 17:59:48 - api - ERROR - UnableSetFilterError:Unable to Set Filter pcap_compile. b'(ethernet)'
05-03 18:02:09 - api - ERROR - UnableSetFilterError:Unable to Set Filter pcap_compile. b'(ether)'
05-03 18:02:27 - api - ERROR - UnableSetFilterError:Unable to Set Filter pcap_compile. b'(ip proto icmp6)'
05-03 18:03:40 - api - ERROR - UnableSetFilterError:Unable to Set Filter pcap_compile. b'(ip proto igmp)'
05-03 18:11:11 - api - ERROR - ThreadUnInitializedError:This thread haven't been properly initialized.
05-03 18:17:17 - api - ERROR - AttributeError:ICMP6
05-03 19:55:35 - api - ERROR - UnableSetFilterError:Unable to Set Filter pcap_compile. b"(( or { or ' or t or c or p or ' or } or ))"
05-03 19:56:49 - api - ERROR - UnableSetFilterError:Unable to Set Filter pcap_compile. b"(( or { or ' or t or c or p or ' or } or ))"
05-03 19:57:03 - api - ERROR - UnableSetFilterError:Unable to Set Filter pcap_compile. b"(( or { or ' or t or c or p or ' or } or ))"
05-03 20:11:07 - api - ERROR - AttributeError:'str' object has no attribute 'trim'
05-03 20:14:02 - api - ERROR - KeyError:'8db22250d15a43afa397d8dba41b7fb3'
05-03 20:14:54 - api - ERROR - ThreadUnInitializedError:This thread haven't been properly initialized.
05-03 20:17:35 - api - ERROR - ThreadUnInitializedError:This thread haven't been properly initialized.
05-03 20:27:31 - api - ERROR - ThreadUnInitializedError:This thread haven't been properly initialized.
05-03 20:28:47 - api - ERROR - ValueError:list.remove(x): x not in list
05-03 20:28:59 - api - ERROR - ValueError:list.remove(x): x not in list
